127.0.0.1 - - [29/Aug/2018:22:41:18 +0700] "GET / HTTP/1.1" 200 2321
127.0.0.1 - - [29/Aug/2018:22:41:22 +0700] "GET /favicon.ico HTTP/1.1" 200 -
127.0.0.1 - - [10/Oct/2018:21:12:45 +0700] "GET / HTTP/1.1" 200 2321
127.0.0.1 - - [10/Oct/2018:21:12:59 +0700] "GET /favicon.ico HTTP/1.1" 200 -
::1 - - [10/Oct/2018:21:17:55 +0700] "GET / HTTP/1.1" 200 2321
::1 - - [10/Oct/2018:21:17:58 +0700] "GET /favicon.ico HTTP/1.1" 200 -
::1 - - [10/Oct/2018:21:18:15 +0700] "GET /phpmyadmin HTTP/1.1" 301 342
::1 - - [10/Oct/2018:21:18:15 +0700] "GET /phpmyadmin/ HTTP/1.1" 200 13161
::1 - - [10/Oct/2018:21:18:25 +0700] "GET /phpmyadmin/themes/pmahomme/jquery/jquery-ui.css HTTP/1.1" 200 36566
::1 - - [10/Oct/2018:21:18:25 +0700] "GET /phpmyadmin/js/vendor/codemirror/addon/hint/show-hint.css?v=4.8.2 HTTP/1.1" 200 623
::1 - - [10/Oct/2018:21:18:25 +0700] "GET /phpmyadmin/js/vendor/codemirror/lib/codemirror.css?v=4.8.2 HTTP/1.1" 200 8542
::1 - - [10/Oct/2018:21:18:25 +0700] "GET /phpmyadmin/js/vendor/codemirror/addon/lint/lint.css?v=4.8.2 HTTP/1.1" 200 2999
::1 - - [10/Oct/2018:21:18:26 +0700] "GET /phpmyadmin/js/vendor/jquery/jquery.min.js?v=4.8.2 HTTP/1.1" 200 86927
::1 - - [10/Oct/2018:21:18:26 +0700] "GET /phpmyadmin/js/vendor/jquery/jquery-migrate.js?v=4.8.2 HTTP/1.1" 200 17813
::1 - - [10/Oct/2018:21:18:25 +0700] "GET /phpmyadmin/phpmyadmin.css.php?nocache=6045553704ltr&server=1 HTTP/1.1" 200 20687
::1 - - [10/Oct/2018:21:18:27 +0700] "GET /phpmyadmin/js/vendor/sprintf.js?v=4.8.2 HTTP/1.1" 200 7387
::1 - - [10/Oct/2018:21:18:26 +0700] "GET /phpmyadmin/js/whitelist.php?v=4.8.2&lang=en HTTP/1.1" 200 57
::1 - - [10/Oct/2018:21:18:27 +0700] "GET /phpmyadmin/js/keyhandler.js?v=4.8.2 HTTP/1.1" 200 3333
::1 - - [10/Oct/2018:21:18:27 +0700] "GET /phpmyadmin/js/ajax.js?v=4.8.2 HTTP/1.1" 200 31246
::1 - - [10/Oct/2018:21:18:27 +0700] "GET /phpmyadmin/js/vendor/js.cookie.js?v=4.8.2 HTTP/1.1" 200 3886
::1 - - [10/Oct/2018:21:18:27 +0700] "GET /phpmyadmin/js/vendor/jquery/jquery-ui.min.js?v=4.8.2 HTTP/1.1" 200 253681
::1 - - [10/Oct/2018:21:18:27 +0700] "GET /phpmyadmin/js/vendor/jquery/jquery.mousewheel.js?v=4.8.2 HTTP/1.1" 200 8267
::1 - - [10/Oct/2018:21:18:27 +0700] "GET /phpmyadmin/js/vendor/jquery/jquery.event.drag-2.2.js?v=4.8.2 HTTP/1.1" 200 12826
::1 - - [10/Oct/2018:21:18:27 +0700] "GET /phpmyadmin/js/vendor/jquery/jquery.validate.js?v=4.8.2 HTTP/1.1" 200 48696
::1 - - [10/Oct/2018:21:18:27 +0700] "GET /phpmyadmin/js/vendor/jquery/jquery-ui-timepicker-addon.js?v=4.8.2 HTTP/1.1" 200 78475
::1 - - [10/Oct/2018:21:18:27 +0700] "GET /phpmyadmin/js/vendor/jquery/jquery.debounce-1.0.5.js?v=4.8.2 HTTP/1.1" 200 1169
::1 - - [10/Oct/2018:21:18:27 +0700] "GET /phpmyadmin/js/vendor/jquery/jquery.ba-hashchange-1.3.js?v=4.8.2 HTTP/1.1" 200 16522
::1 - - [10/Oct/2018:21:18:27 +0700] "GET /phpmyadmin/js/menu-resizer.js?v=4.8.2 HTTP/1.1" 200 8318
::1 - - [10/Oct/2018:21:18:27 +0700] "GET /phpmyadmin/js/cross_framing_protection.js?v=4.8.2 HTTP/1.1" 200 471
::1 - - [10/Oct/2018:21:18:27 +0700] "GET /phpmyadmin/js/rte.js?v=4.8.2 HTTP/1.1" 200 47678
::1 - - [10/Oct/2018:21:18:27 +0700] "GET /phpmyadmin/js/error_report.js?v=4.8.2 HTTP/1.1" 200 10112
::1 - - [10/Oct/2018:21:18:27 +0700] "GET /phpmyadmin/js/vendor/tracekit.js?v=4.8.2 HTTP/1.1" 200 45389
::1 - - [10/Oct/2018:21:18:27 +0700] "GET /phpmyadmin/js/config.js?v=4.8.2 HTTP/1.1" 200 26929
::1 - - [10/Oct/2018:21:18:27 +0700] "GET /phpmyadmin/js/doclinks.js?v=4.8.2 HTTP/1.1" 200 20643
::1 - - [10/Oct/2018:21:18:27 +0700] "GET /phpmyadmin/js/messages.php?l=en&v=4.8.2&lang=en HTTP/1.1" 200 8822
::1 - - [10/Oct/2018:21:18:27 +0700] "GET /phpmyadmin/js/functions.js?v=4.8.2 HTTP/1.1" 200 173390
::1 - - [10/Oct/2018:21:18:27 +0700] "GET /phpmyadmin/js/navigation.js?v=4.8.2 HTTP/1.1" 200 59816
::1 - - [10/Oct/2018:21:18:27 +0700] "GET /phpmyadmin/js/common.js?v=4.8.2 HTTP/1.1" 200 19168
::1 - - [10/Oct/2018:21:18:27 +0700] "GET /phpmyadmin/js/indexes.js?v=4.8.2 HTTP/1.1" 200 27371
::1 - - [10/Oct/2018:21:18:27 +0700] "GET /phpmyadmin/js/page_settings.js?v=4.8.2 HTTP/1.1" 200 1749
::1 - - [10/Oct/2018:21:18:27 +0700] "GET /phpmyadmin/js/shortcuts_handler.js?v=4.8.2 HTTP/1.1" 200 3264
::1 - - [10/Oct/2018:21:18:27 +0700] "GET /phpmyadmin/js/vendor/codemirror/mode/sql/sql.js?v=4.8.2 HTTP/1.1" 200 45323
::1 - - [10/Oct/2018:21:18:27 +0700] "GET /phpmyadmin/js/vendor/codemirror/addon/runmode/runmode.js?v=4.8.2 HTTP/1.1" 200 2499
::1 - - [10/Oct/2018:21:18:27 +0700] "GET /phpmyadmin/js/vendor/codemirror/addon/hint/show-hint.js?v=4.8.2 HTTP/1.1" 200 15909
::1 - - [10/Oct/2018:21:18:27 +0700] "GET /phpmyadmin/js/vendor/codemirror/lib/codemirror.js?v=4.8.2 HTTP/1.1" 200 373234
::1 - - [10/Oct/2018:21:18:27 +0700] "GET /phpmyadmin/js/vendor/codemirror/addon/hint/sql-hint.js?v=4.8.2 HTTP/1.1" 200 9148
::1 - - [10/Oct/2018:21:18:27 +0700] "GET /phpmyadmin/js/vendor/codemirror/addon/lint/lint.js?v=4.8.2 HTTP/1.1" 200 8609
::1 - - [10/Oct/2018:21:18:27 +0700] "GET /phpmyadmin/js/console.js?v=4.8.2 HTTP/1.1" 200 57278
::1 - - [10/Oct/2018:21:18:27 +0700] "GET /phpmyadmin/js/codemirror/addon/lint/sql-lint.js?v=4.8.2 HTTP/1.1" 200 1048
::1 - - [10/Oct/2018:21:18:28 +0700] "GET /phpmyadmin/themes/dot.gif HTTP/1.1" 200 43
::1 - - [10/Oct/2018:21:18:28 +0700] "GET /phpmyadmin/themes/pmahomme/img/logo_left.png HTTP/1.1" 200 2713
::1 - - [10/Oct/2018:21:18:28 +0700] "GET /phpmyadmin/themes/pmahomme/css/printview.css?v=4.8.2 HTTP/1.1" 200 2746
::1 - - [10/Oct/2018:21:18:28 +0700] "GET /phpmyadmin/themes/pmahomme/img/window-new.png HTTP/1.1" 200 468
::1 - - [10/Oct/2018:21:18:28 +0700] "GET /phpmyadmin/themes/pmahomme/img/b_help.png HTTP/1.1" 200 705
::1 - - [10/Oct/2018:21:18:28 +0700] "GET /phpmyadmin/themes/pmahomme/img/b_tblops.png HTTP/1.1" 200 537
::1 - - [10/Oct/2018:21:18:28 +0700] "POST /phpmyadmin/ajax.php HTTP/1.1" 200 1395
::1 - - [10/Oct/2018:21:18:28 +0700] "POST /phpmyadmin/ajax.php HTTP/1.1" 200 1489
::1 - - [10/Oct/2018:21:18:28 +0700] "POST /phpmyadmin/navigation.php?ajax_request=1&lang=en HTTP/1.1" 200 2048
::1 - - [10/Oct/2018:21:18:29 +0700] "GET /phpmyadmin/themes/pmahomme/img/s_db.png HTTP/1.1" 200 328
::1 - - [10/Oct/2018:21:18:29 +0700] "GET /phpmyadmin/themes/pmahomme/img/b_plus.png HTTP/1.1" 200 143
::1 - - [10/Oct/2018:21:18:29 +0700] "GET /phpmyadmin/themes/pmahomme/img/left_nav_bg.png HTTP/1.1" 200 146
::1 - - [10/Oct/2018:21:18:29 +0700] "GET /phpmyadmin/themes/pmahomme/img/s_asci.png HTTP/1.1" 200 148
::1 - - [10/Oct/2018:21:18:29 +0700] "GET /phpmyadmin/themes/pmahomme/img/s_lang.png HTTP/1.1" 200 659
::1 - - [10/Oct/2018:21:18:29 +0700] "GET /phpmyadmin/themes/pmahomme/img/console.png HTTP/1.1" 200 292
::1 - - [10/Oct/2018:21:18:29 +0700] "GET /phpmyadmin/themes/pmahomme/img/s_top.png HTTP/1.1" 200 220
::1 - - [10/Oct/2018:21:18:29 +0700] "GET /phpmyadmin/themes/pmahomme/img/b_plugin.png HTTP/1.1" 200 512
::1 - - [10/Oct/2018:21:18:29 +0700] "GET /phpmyadmin/themes/pmahomme/img/s_theme.png HTTP/1.1" 200 772
::1 - - [10/Oct/2018:21:18:29 +0700] "GET /phpmyadmin/themes/pmahomme/img/b_engine.png HTTP/1.1" 200 398
::1 - - [10/Oct/2018:21:18:29 +0700] "GET /phpmyadmin/themes/pmahomme/img/s_vars.png HTTP/1.1" 200 523
::1 - - [10/Oct/2018:21:18:29 +0700] "GET /phpmyadmin/themes/pmahomme/img/s_replication.png HTTP/1.1" 200 399
::1 - - [10/Oct/2018:21:18:29 +0700] "GET /phpmyadmin/themes/pmahomme/img/b_import.png HTTP/1.1" 200 556
::1 - - [10/Oct/2018:21:18:29 +0700] "GET /phpmyadmin/themes/pmahomme/img/b_export.png HTTP/1.1" 200 514
::1 - - [10/Oct/2018:21:18:29 +0700] "GET /phpmyadmin/themes/pmahomme/img/s_rights.png HTTP/1.1" 200 461
::1 - - [10/Oct/2018:21:18:29 +0700] "GET /phpmyadmin/themes/pmahomme/img/s_status.png HTTP/1.1" 200 600
::1 - - [10/Oct/2018:21:18:29 +0700] "GET /phpmyadmin/themes/pmahomme/img/b_sql.png HTTP/1.1" 200 680
::1 - - [10/Oct/2018:21:18:29 +0700] "GET /phpmyadmin/themes/pmahomme/img/s_host.png HTTP/1.1" 200 591
::1 - - [10/Oct/2018:21:18:29 +0700] "GET /phpmyadmin/themes/pmahomme/img/b_newdb.png HTTP/1.1" 200 585
::1 - - [10/Oct/2018:21:18:29 +0700] "GET /phpmyadmin/themes/pmahomme/img/s_link.png HTTP/1.1" 200 280
::1 - - [10/Oct/2018:21:18:29 +0700] "GET /phpmyadmin/themes/pmahomme/img/s_reload.png HTTP/1.1" 200 527
::1 - - [10/Oct/2018:21:18:29 +0700] "GET /phpmyadmin/themes/pmahomme/img/s_cog.png HTTP/1.1" 200 442
::1 - - [10/Oct/2018:21:18:29 +0700] "GET /phpmyadmin/themes/pmahomme/img/b_sqlhelp.png HTTP/1.1" 200 512
::1 - - [10/Oct/2018:21:18:29 +0700] "GET /phpmyadmin/themes/pmahomme/img/b_docs.png HTTP/1.1" 200 705
::1 - - [10/Oct/2018:21:18:29 +0700] "GET /phpmyadmin/themes/pmahomme/img/s_loggoff.png HTTP/1.1" 200 626
::1 - - [10/Oct/2018:21:18:29 +0700] "GET /phpmyadmin/themes/pmahomme/img/b_home.png HTTP/1.1" 200 734
::1 - - [10/Oct/2018:21:18:29 +0700] "GET /phpmyadmin/themes/pmahomme/img/b_more.png HTTP/1.1" 200 111
::1 - - [10/Oct/2018:21:18:29 +0700] "GET /phpmyadmin/themes/pmahomme/img/ajax_clock_small.gif HTTP/1.1" 200 1810
::1 - - [10/Oct/2018:21:18:29 +0700] "POST /phpmyadmin/ajax.php HTTP/1.1" 200 1386
::1 - - [10/Oct/2018:21:18:30 +0700] "GET /phpmyadmin/favicon.ico HTTP/1.1" 200 22486
::1 - - [10/Oct/2018:21:18:29 +0700] "POST /phpmyadmin/version_check.php HTTP/1.1" 200 64
::1 - - [10/Oct/2018:21:18:29 +0700] "POST /phpmyadmin/db_structure.php?ajax_request=1&favorite_table=1&sync_favorite_tables=1&lang=en HTTP/1.1" 200 143
::1 - - [10/Oct/2018:21:18:55 +0700] "GET /phpmyadmin/navigation.php?ajax_request=1&lang=en&aPath=cm9vdA%3D%3D.dGVzdA%3D%3D&vPath=cm9vdA%3D%3D.dGVzdA%3D%3D&pos=0&pos2_name=&pos2_value=&searchClause=&searchClause2=&_nocache=1539181135528774351&token=MTdp(UZ2vJ)%3C6%600L HTTP/1.1" 200 1408
::1 - - [10/Oct/2018:21:18:55 +0700] "GET /phpmyadmin/themes/pmahomme/img/b_minus.png HTTP/1.1" 200 123
::1 - - [10/Oct/2018:21:42:25 +0700] "POST /phpmyadmin/index.php HTTP/1.1" 200 1386
::1 - - [10/Oct/2018:21:43:03 +0700] "POST /phpmyadmin/index.php HTTP/1.1" 200 1386
::1 - - [10/Oct/2018:21:43:05 +0700] "POST /phpmyadmin/index.php HTTP/1.1" 200 1386
::1 - - [10/Oct/2018:21:52:12 +0700] "GET /phpmyadmin/server_databases.php?server=1&ajax_request=true&ajax_page_request=true&_nocache=153918313248250823&token=MTdp(UZ2vJ)%3C6%600L HTTP/1.1" 200 6160
::1 - - [10/Oct/2018:21:52:15 +0700] "GET /phpmyadmin/themes/pmahomme/img/s_notice.png HTTP/1.1" 200 567
::1 - - [10/Oct/2018:21:52:15 +0700] "GET /phpmyadmin/themes/pmahomme/img/b_deltbl.png HTTP/1.1" 200 577
::1 - - [10/Oct/2018:21:52:15 +0700] "GET /phpmyadmin/themes/pmahomme/img/s_asc.png HTTP/1.1" 200 146
::1 - - [10/Oct/2018:21:52:15 +0700] "GET /phpmyadmin/themes/dot.gif HTTP/1.1" 200 43
::1 - - [10/Oct/2018:21:52:15 +0700] "GET /phpmyadmin/themes/pmahomme/img/arrow_ltr.png HTTP/1.1" 200 101
::1 - - [10/Oct/2018:21:52:15 +0700] "GET /phpmyadmin/js/server_databases.js?v=4.8.2 HTTP/1.1" 200 5695
::1 - - [10/Oct/2018:21:52:42 +0700] "POST /phpmyadmin/server_databases.php HTTP/1.1" 200 1798
::1 - - [10/Oct/2018:21:52:43 +0700] "GET /phpmyadmin/themes/pmahomme/img/s_success.png HTTP/1.1" 200 465
::1 - - [10/Oct/2018:21:52:43 +0700] "POST /phpmyadmin/navigation.php?ajax_request=1&lang=en HTTP/1.1" 200 2092
::1 - - [10/Oct/2018:21:52:43 +0700] "GET /phpmyadmin/db_structure.php?db=movie&ajax_request=true&ajax_page_request=true&_nocache=1539183163229736779&token=MTdp(UZ2vJ)%3C6%600L HTTP/1.1" 200 2780
::1 - - [10/Oct/2018:21:52:44 +0700] "GET /phpmyadmin/themes/pmahomme/img/centralColumns.png HTTP/1.1" 200 586
::1 - - [10/Oct/2018:21:52:44 +0700] "GET /phpmyadmin/themes/pmahomme/img/b_relations.png HTTP/1.1" 200 140
::1 - - [10/Oct/2018:21:52:44 +0700] "GET /phpmyadmin/themes/pmahomme/img/b_events.png HTTP/1.1" 200 703
::1 - - [10/Oct/2018:21:52:44 +0700] "GET /phpmyadmin/themes/pmahomme/img/b_search.png HTTP/1.1" 200 538
::1 - - [10/Oct/2018:21:52:44 +0700] "GET /phpmyadmin/themes/pmahomme/img/b_props.png HTTP/1.1" 200 573
::1 - - [10/Oct/2018:21:52:44 +0700] "GET /phpmyadmin/themes/pmahomme/img/eye.png HTTP/1.1" 200 663
::1 - - [10/Oct/2018:21:52:44 +0700] "GET /phpmyadmin/themes/pmahomme/img/b_triggers.png HTTP/1.1" 200 446
::1 - - [10/Oct/2018:21:52:44 +0700] "GET /phpmyadmin/themes/pmahomme/img/b_routines.png HTTP/1.1" 200 306
::1 - - [10/Oct/2018:21:52:44 +0700] "GET /phpmyadmin/themes/pmahomme/img/b_table_add.png HTTP/1.1" 200 571
::1 - - [10/Oct/2018:21:52:44 +0700] "GET /phpmyadmin/js/tbl_change.js?v=4.8.2 HTTP/1.1" 200 29050
::1 - - [10/Oct/2018:21:52:44 +0700] "GET /phpmyadmin/js/db_structure.js?v=4.8.2 HTTP/1.1" 200 15803
::1 - - [10/Oct/2018:21:52:44 +0700] "GET /phpmyadmin/navigation.php?ajax_request=1&lang=en&aPath=cm9vdA%3D%3D.bW92aWU%3D&vPath=cm9vdA%3D%3D.bW92aWU%3D&pos=0&pos2_name=&pos2_value=&searchClause=&searchClause2=&_nocache=1539183164918251490&token=MTdp(UZ2vJ)%3C6%600L HTTP/1.1" 200 1408
::1 - - [10/Oct/2018:21:55:55 +0700] "GET /phpmyadmin/db_structure.php?server=1&db=movie&ajax_request=true&ajax_page_request=true&_nocache=1539183355179177604&token=MTdp(UZ2vJ)%3C6%600L HTTP/1.1" 200 2780
127.0.0.1 - - [10/Oct/2018:22:02:45 +0700] "-" 408 -
127.0.0.1 - - [10/Oct/2018:22:03:40 +0700] "GET / HTTP/1.1" 200 2610
127.0.0.1 - - [10/Oct/2018:22:03:44 +0700] "GET /favicon.ico HTTP/1.1" 200 -
127.0.0.1 - - [10/Oct/2018:22:07:45 +0700] "-" 408 -
127.0.0.1 - - [10/Oct/2018:22:12:45 +0700] "-" 408 -
127.0.0.1 - - [10/Oct/2018:22:17:45 +0700] "-" 408 -
::1 - - [10/Oct/2018:22:19:51 +0700] "POST /phpmyadmin/index.php HTTP/1.1" 200 1514
::1 - - [10/Oct/2018:22:20:24 +0700] "POST /phpmyadmin/index.php HTTP/1.1" 200 1514
::1 - - [10/Oct/2018:22:20:26 +0700] "POST /phpmyadmin/index.php HTTP/1.1" 200 1514
::1 - - [10/Oct/2018:22:44:26 +0700] "POST /phpmyadmin/index.php HTTP/1.1" 200 1514
127.0.0.1 - - [13/Oct/2018:14:41:56 +0700] "GET / HTTP/1.1" 200 2610
127.0.0.1 - - [13/Oct/2018:14:42:10 +0700] "GET /favicon.ico HTTP/1.1" 200 -
::1 - - [13/Oct/2018:14:42:19 +0700] "GET /phpmyadmin/ HTTP/1.1" 200 13130
::1 - - [13/Oct/2018:14:42:31 +0700] "GET /phpmyadmin/themes/pmahomme/jquery/jquery-ui.css HTTP/1.1" 200 36566
::1 - - [13/Oct/2018:14:42:31 +0700] "GET /phpmyadmin/js/vendor/codemirror/addon/hint/show-hint.css?v=4.8.2 HTTP/1.1" 200 623
::1 - - [13/Oct/2018:14:42:31 +0700] "GET /phpmyadmin/js/vendor/codemirror/lib/codemirror.css?v=4.8.2 HTTP/1.1" 200 8542
::1 - - [13/Oct/2018:14:42:31 +0700] "GET /phpmyadmin/js/vendor/codemirror/addon/lint/lint.css?v=4.8.2 HTTP/1.1" 200 2999
::1 - - [13/Oct/2018:14:42:32 +0700] "GET /phpmyadmin/js/whitelist.php?v=4.8.2 HTTP/1.1" 200 57
::1 - - [13/Oct/2018:14:42:32 +0700] "GET /phpmyadmin/js/cross_framing_protection.js?v=4.8.2 HTTP/1.1" 200 471
::1 - - [13/Oct/2018:14:42:33 +0700] "GET /phpmyadmin/themes/pmahomme/css/printview.css?v=4.8.2 HTTP/1.1" 200 2746
::1 - - [13/Oct/2018:14:42:32 +0700] "GET /phpmyadmin/themes/pmahomme/img/logo_left.png HTTP/1.1" 200 2713
::1 - - [13/Oct/2018:14:42:32 +0700] "GET /phpmyadmin/phpmyadmin.css.php?nocache=6045553714ltr&server=1 HTTP/1.1" 200 20687
::1 - - [13/Oct/2018:14:42:32 +0700] "GET /phpmyadmin/js/messages.php?l=en&v=4.8.2 HTTP/1.1" 200 8822
::1 - - [13/Oct/2018:14:42:34 +0700] "GET /phpmyadmin/themes/pmahomme/img/s_db.png HTTP/1.1" 200 328
::1 - - [13/Oct/2018:14:42:34 +0700] "GET /phpmyadmin/themes/pmahomme/img/b_plus.png HTTP/1.1" 200 143
::1 - - [13/Oct/2018:14:42:34 +0700] "GET /phpmyadmin/themes/pmahomme/img/left_nav_bg.png HTTP/1.1" 200 146
::1 - - [13/Oct/2018:14:42:34 +0700] "GET /phpmyadmin/themes/pmahomme/img/b_newdb.png HTTP/1.1" 200 585
::1 - - [13/Oct/2018:14:42:34 +0700] "GET /phpmyadmin/themes/pmahomme/img/s_link.png HTTP/1.1" 200 280
::1 - - [13/Oct/2018:14:42:35 +0700] "GET /phpmyadmin/themes/pmahomme/img/s_cog.png HTTP/1.1" 200 442
::1 - - [13/Oct/2018:14:42:35 +0700] "GET /phpmyadmin/themes/pmahomme/img/b_docs.png HTTP/1.1" 200 705
::1 - - [13/Oct/2018:14:42:35 +0700] "GET /phpmyadmin/themes/pmahomme/img/b_sqlhelp.png HTTP/1.1" 200 512
::1 - - [13/Oct/2018:14:42:35 +0700] "GET /phpmyadmin/themes/pmahomme/img/s_reload.png HTTP/1.1" 200 527
::1 - - [13/Oct/2018:14:42:35 +0700] "GET /phpmyadmin/themes/pmahomme/img/s_loggoff.png HTTP/1.1" 200 626
::1 - - [13/Oct/2018:14:42:34 +0700] "GET /phpmyadmin/themes/pmahomme/img/ajax_clock_small.gif HTTP/1.1" 200 1810
::1 - - [13/Oct/2018:14:42:35 +0700] "GET /phpmyadmin/themes/pmahomme/img/b_home.png HTTP/1.1" 200 734
::1 - - [13/Oct/2018:14:42:35 +0700] "GET /phpmyadmin/themes/pmahomme/img/b_help.png HTTP/1.1" 200 705
::1 - - [13/Oct/2018:14:42:35 +0700] "GET /phpmyadmin/themes/pmahomme/img/window-new.png HTTP/1.1" 200 468
::1 - - [13/Oct/2018:14:42:35 +0700] "GET /phpmyadmin/themes/pmahomme/img/b_tblops.png HTTP/1.1" 200 537
::1 - - [13/Oct/2018:14:42:35 +0700] "GET /phpmyadmin/themes/pmahomme/img/s_lang.png HTTP/1.1" 200 659
::1 - - [13/Oct/2018:14:42:35 +0700] "GET /phpmyadmin/themes/pmahomme/img/s_asci.png HTTP/1.1" 200 148
::1 - - [13/Oct/2018:14:42:35 +0700] "GET /phpmyadmin/themes/pmahomme/img/console.png HTTP/1.1" 200 292
::1 - - [13/Oct/2018:14:42:35 +0700] "GET /phpmyadmin/themes/pmahomme/img/s_theme.png HTTP/1.1" 200 772
::1 - - [13/Oct/2018:14:42:35 +0700] "GET /phpmyadmin/themes/pmahomme/img/s_top.png HTTP/1.1" 200 220
::1 - - [13/Oct/2018:14:42:35 +0700] "GET /phpmyadmin/themes/pmahomme/img/b_engine.png HTTP/1.1" 200 398
::1 - - [13/Oct/2018:14:42:35 +0700] "GET /phpmyadmin/themes/pmahomme/img/s_vars.png HTTP/1.1" 200 523
::1 - - [13/Oct/2018:14:42:35 +0700] "GET /phpmyadmin/themes/pmahomme/img/b_import.png HTTP/1.1" 200 556
::1 - - [13/Oct/2018:14:42:35 +0700] "GET /phpmyadmin/themes/pmahomme/img/b_plugin.png HTTP/1.1" 200 512
::1 - - [13/Oct/2018:14:42:35 +0700] "GET /phpmyadmin/themes/pmahomme/img/s_replication.png HTTP/1.1" 200 399
::1 - - [13/Oct/2018:14:42:35 +0700] "GET /phpmyadmin/themes/pmahomme/img/b_export.png HTTP/1.1" 200 514
::1 - - [13/Oct/2018:14:42:35 +0700] "GET /phpmyadmin/themes/pmahomme/img/s_rights.png HTTP/1.1" 200 461
::1 - - [13/Oct/2018:14:42:35 +0700] "GET /phpmyadmin/themes/pmahomme/img/s_status.png HTTP/1.1" 200 600
::1 - - [13/Oct/2018:14:42:35 +0700] "GET /phpmyadmin/themes/pmahomme/img/b_sql.png HTTP/1.1" 200 680
::1 - - [13/Oct/2018:14:42:35 +0700] "GET /phpmyadmin/themes/pmahomme/img/s_host.png HTTP/1.1" 200 591
::1 - - [13/Oct/2018:14:42:36 +0700] "POST /phpmyadmin/ajax.php HTTP/1.1" 200 1393
::1 - - [13/Oct/2018:14:42:36 +0700] "GET /phpmyadmin/themes/pmahomme/img/b_more.png HTTP/1.1" 200 111
::1 - - [13/Oct/2018:14:42:36 +0700] "POST /phpmyadmin/ajax.php HTTP/1.1" 200 1489
::1 - - [13/Oct/2018:14:42:36 +0700] "POST /phpmyadmin/navigation.php?ajax_request=1 HTTP/1.1" 200 2075
::1 - - [13/Oct/2018:14:42:36 +0700] "POST /phpmyadmin/ajax.php HTTP/1.1" 200 1384
::1 - - [13/Oct/2018:14:42:36 +0700] "POST /phpmyadmin/version_check.php HTTP/1.1" 200 28
::1 - - [13/Oct/2018:14:42:36 +0700] "POST /phpmyadmin/db_structure.php?ajax_request=1&favorite_table=1&sync_favorite_tables=1 HTTP/1.1" 200 143
::1 - - [13/Oct/2018:14:42:54 +0700] "GET /phpmyadmin/db_structure.php?server=1&db=movie&ajax_request=true&ajax_page_request=true&_nocache=1539416574477775050&token=g%5Di%7D%60*-E%5D8%25i%60HTa HTTP/1.1" 200 2772
::1 - - [13/Oct/2018:14:42:55 +0700] "GET /phpmyadmin/themes/pmahomme/img/centralColumns.png HTTP/1.1" 200 586
::1 - - [13/Oct/2018:14:42:55 +0700] "GET /phpmyadmin/themes/pmahomme/img/eye.png HTTP/1.1" 200 663
::1 - - [13/Oct/2018:14:42:55 +0700] "GET /phpmyadmin/themes/pmahomme/img/b_triggers.png HTTP/1.1" 200 446
::1 - - [13/Oct/2018:14:42:55 +0700] "GET /phpmyadmin/themes/pmahomme/img/b_events.png HTTP/1.1" 200 703
::1 - - [13/Oct/2018:14:42:55 +0700] "GET /phpmyadmin/themes/pmahomme/img/b_routines.png HTTP/1.1" 200 306
::1 - - [13/Oct/2018:14:42:55 +0700] "GET /phpmyadmin/themes/pmahomme/img/b_relations.png HTTP/1.1" 200 140
::1 - - [13/Oct/2018:14:42:55 +0700] "GET /phpmyadmin/themes/pmahomme/img/b_search.png HTTP/1.1" 200 538
::1 - - [13/Oct/2018:14:42:55 +0700] "GET /phpmyadmin/themes/pmahomme/img/b_table_add.png HTTP/1.1" 200 571
::1 - - [13/Oct/2018:14:42:55 +0700] "GET /phpmyadmin/themes/pmahomme/img/b_props.png HTTP/1.1" 200 573
::1 - - [13/Oct/2018:14:42:55 +0700] "GET /phpmyadmin/themes/pmahomme/img/s_notice.png HTTP/1.1" 200 567
::1 - - [13/Oct/2018:14:42:55 +0700] "GET /phpmyadmin/navigation.php?ajax_request=1&aPath=cm9vdA%3D%3D.bW92aWU%3D&vPath=cm9vdA%3D%3D.bW92aWU%3D&pos=0&pos2_name=&pos2_value=&searchClause=&searchClause2=&_nocache=1539416575334350840&token=g%5Di%7D%60*-E%5D8%25i%60HTa HTTP/1.1" 200 1407
::1 - - [13/Oct/2018:14:42:55 +0700] "GET /phpmyadmin/themes/pmahomme/img/b_minus.png HTTP/1.1" 200 123
::1 - - [13/Oct/2018:14:45:54 +0700] "GET /phpmyadmin/index.php?ajax_request=true&ajax_page_request=true&_nocache=1539416754601657923&token=g%5Di%7D%60*-E%5D8%25i%60HTa HTTP/1.1" 200 6944
::1 - - [13/Oct/2018:14:45:54 +0700] "POST /phpmyadmin/version_check.php HTTP/1.1" 200 64
::1 - - [13/Oct/2018:14:45:54 +0700] "POST /phpmyadmin/db_structure.php?ajax_request=1&favorite_table=1&sync_favorite_tables=1 HTTP/1.1" 200 143
::1 - - [13/Oct/2018:14:46:22 +0700] "GET /phpmyadmin/prefs_manage.php?ajax_request=true&ajax_page_request=true&_nocache=1539416782811925800&token=g%5Di%7D%60*-E%5D8%25i%60HTa HTTP/1.1" 200 2620
::1 - - [13/Oct/2018:14:46:23 +0700] "GET /phpmyadmin/themes/pmahomme/img/b_select.png HTTP/1.1" 200 593
::1 - - [13/Oct/2018:14:46:32 +0700] "GET /phpmyadmin/index.php?ajax_request=true&ajax_page_request=true&_nocache=1539416792283398923&token=g%5Di%7D%60*-E%5D8%25i%60HTa HTTP/1.1" 200 6944
::1 - - [13/Oct/2018:14:46:32 +0700] "POST /phpmyadmin/navigation.php?ajax_request=1 HTTP/1.1" 200 4252
::1 - - [13/Oct/2018:14:46:32 +0700] "POST /phpmyadmin/version_check.php HTTP/1.1" 200 64
::1 - - [13/Oct/2018:14:46:32 +0700] "POST /phpmyadmin/db_structure.php?ajax_request=1&favorite_table=1&sync_favorite_tables=1 HTTP/1.1" 200 143
::1 - - [13/Oct/2018:14:47:00 +0700] "GET /phpmyadmin/index.php?db=&table=&token=g%5Di%7D%60*-E%5D8%25i%60HTa&lang=vi HTTP/1.1" 200 14236
::1 - - [13/Oct/2018:14:47:00 +0700] "GET /phpmyadmin/phpmyadmin.css.php?nocache=6045789161ltr&server=1 HTTP/1.1" 200 20687
::1 - - [13/Oct/2018:14:47:00 +0700] "GET /phpmyadmin/js/messages.php?l=vi&v=4.8.2 HTTP/1.1" 200 10237
::1 - - [13/Oct/2018:14:47:00 +0700] "POST /phpmyadmin/ajax.php HTTP/1.1" 200 1512
::1 - - [13/Oct/2018:14:47:01 +0700] "POST /phpmyadmin/navigation.php?ajax_request=1 HTTP/1.1" 200 2292
::1 - - [13/Oct/2018:14:47:01 +0700] "POST /phpmyadmin/ajax.php HTTP/1.1" 200 1608
::1 - - [13/Oct/2018:14:47:01 +0700] "POST /phpmyadmin/ajax.php HTTP/1.1" 200 1504
::1 - - [13/Oct/2018:14:47:01 +0700] "POST /phpmyadmin/version_check.php HTTP/1.1" 200 64
::1 - - [13/Oct/2018:14:47:01 +0700] "POST /phpmyadmin/db_structure.php?ajax_request=1&favorite_table=1&sync_favorite_tables=1 HTTP/1.1" 200 164
::1 - - [13/Oct/2018:14:47:10 +0700] "GET /phpmyadmin/prefs_manage.php?ajax_request=true&ajax_page_request=true&_nocache=1539416830474362382&token=g%5Di%7D%60*-E%5D8%25i%60HTa HTTP/1.1" 200 2924
::1 - - [13/Oct/2018:14:49:24 +0700] "GET /phpmyadmin/prefs_manage.php HTTP/1.1" 200 6502
::1 - - [13/Oct/2018:14:49:26 +0700] "GET /phpmyadmin/phpmyadmin.css.php?nocache=6045789426ltr&server=1 HTTP/1.1" 200 20687
::1 - - [13/Oct/2018:14:49:27 +0700] "POST /phpmyadmin/ajax.php HTTP/1.1" 200 1512
::1 - - [13/Oct/2018:14:49:27 +0700] "POST /phpmyadmin/ajax.php HTTP/1.1" 200 1608
::1 - - [13/Oct/2018:14:49:27 +0700] "POST /phpmyadmin/navigation.php?ajax_request=1 HTTP/1.1" 200 2292
::1 - - [13/Oct/2018:14:49:27 +0700] "GET /phpmyadmin/favicon.ico HTTP/1.1" 200 22486
::1 - - [13/Oct/2018:14:49:27 +0700] "POST /phpmyadmin/ajax.php HTTP/1.1" 200 1504
::1 - - [13/Oct/2018:14:49:36 +0700] "GET /phpmyadmin/index.php?ajax_request=true&ajax_page_request=true&_nocache=1539416976596655148&token=g%5Di%7D%60*-E%5D8%25i%60HTa HTTP/1.1" 200 7689
::1 - - [13/Oct/2018:14:49:36 +0700] "POST /phpmyadmin/navigation.php?ajax_request=1 HTTP/1.1" 200 4782
::1 - - [13/Oct/2018:14:49:36 +0700] "POST /phpmyadmin/version_check.php HTTP/1.1" 200 64
::1 - - [13/Oct/2018:14:49:36 +0700] "POST /phpmyadmin/db_structure.php?ajax_request=1&favorite_table=1&sync_favorite_tables=1 HTTP/1.1" 200 164
::1 - - [13/Oct/2018:14:49:40 +0700] "GET /phpmyadmin/index.php?db=&table=&token=g%5Di%7D%60*-E%5D8%25i%60HTa&lang=en HTTP/1.1" 200 13130
::1 - - [13/Oct/2018:14:49:41 +0700] "GET /phpmyadmin/phpmyadmin.css.php?nocache=6045789573ltr&server=1 HTTP/1.1" 200 20687
::1 - - [13/Oct/2018:14:49:41 +0700] "POST /phpmyadmin/ajax.php HTTP/1.1" 200 1393
::1 - - [13/Oct/2018:14:49:41 +0700] "POST /phpmyadmin/navigation.php?ajax_request=1 HTTP/1.1" 200 2095
::1 - - [13/Oct/2018:14:49:41 +0700] "POST /phpmyadmin/ajax.php HTTP/1.1" 200 1489
::1 - - [13/Oct/2018:14:49:42 +0700] "POST /phpmyadmin/ajax.php HTTP/1.1" 200 1384
::1 - - [13/Oct/2018:14:49:42 +0700] "POST /phpmyadmin/version_check.php HTTP/1.1" 200 64
::1 - - [13/Oct/2018:14:49:42 +0700] "POST /phpmyadmin/db_structure.php?ajax_request=1&favorite_table=1&sync_favorite_tables=1 HTTP/1.1" 200 143
::1 - - [13/Oct/2018:14:58:40 +0700] "GET /phpmyadmin/db_structure.php?server=1&db=mysql&ajax_request=true&ajax_page_request=true&_nocache=1539417520481674377&token=g%5Di%7D%60*-E%5D8%25i%60HTa HTTP/1.1" 200 11283
::1 - - [13/Oct/2018:14:58:40 +0700] "GET /phpmyadmin/db_structure.php?server=1&db=movie&ajax_request=true&ajax_page_request=true&_nocache=1539417520967245789&token=g%5Di%7D%60*-E%5D8%25i%60HTa HTTP/1.1" 200 2772
